<?xml version="1.0" encoding="UTF-8"?>
<!-- Generated by org.testng.reporters.JUnitXMLReporter -->
<testsuite ignored="0" hostname="DESKTOP-NPK78J2" failures="1" tests="3" name="Test" time="133.041" errors="0" timestamp="2024-05-30T22:18:03 IST">
  <testcase classname="com.synergyconnect.testcases.AdminSynergyConnect" name="verifyAddOrganization" time="52.561">
    <failure type="java.lang.AssertionError" message="expected [ABD00081234] but found []">
      <![CDATA[java.lang.AssertionError: expected [ABD00081234] but found []
at com.synergyconnect.testcases.AdminSynergyConnect.verifyAddOrganization(AdminSynergyConnect.java:142)
at java.base/java.util.ArrayList.forEach(ArrayList.java:1511)
... Removed 31 stack frames]]>
    </failure>
  </testcase> <!-- verifyAddOrganization -->
  <testcase classname="com.synergyconnect.testcases.AdminSynergyConnect" name="verifyLoginisworking" time="23.562"/>
  <testcase classname="com.synergyconnect.testcases.AdminSynergyConnect" name="verifyAddLocation" time="49.724"/>
</testsuite> <!-- Test -->
