<?xml version="1.0" encoding="UTF-8"?>
<testng-results ignored="0" total="3" passed="2" failed="1" skipped="0">
  <reporter-output>
  </reporter-output>
  <suite started-at="2024-05-31T21:27:12 IST" name="Suite" finished-at="2024-05-31T21:29:15 IST" duration-ms="123165">
    <groups>
    </groups>
    <test started-at="2024-05-31T21:27:12 IST" name="Test" finished-at="2024-05-31T21:29:15 IST" duration-ms="123165">
      <class name="com.synergyconnect.testcases.AdminSynergyConnect">
        <test-method is-config="true" signature="setup(java.lang.reflect.Method)[pri:0, instance:com.synergyconnect.testcases.AdminSynergyConnect@59474f18]" started-at="2024-05-31T21:27:12 IST" name="setup" finished-at="2024-05-31T21:27:21 IST" duration-ms="8556" status="PASS">
          <params>
            <param index="0">
              <value>
                <![CDATA[public void com.synergyconnect.testcases.AdminSynergyConnect.verifyAddOrganization() throws java.lang.InterruptedException]]>
              </value>
            </param>
          </params>
          <reporter-output>
          </reporter-output>
        </test-method> <!-- setup -->
        <test-method signature="verifyAddOrganization()[pri:0, instance:com.synergyconnect.testcases.AdminSynergyConnect@59474f18]" started-at="2024-05-31T21:27:21 IST" name="verifyAddOrganization" finished-at="2024-05-31T21:28:13 IST" duration-ms="52087" status="PASS">
          <reporter-output>
          </reporter-output>
        </test-method> <!-- verifyAddOrganization -->
        <test-method is-config="true" signature="tearDown(java.lang.reflect.Method)[pri:0, instance:com.synergyconnect.testcases.AdminSynergyConnect@59474f18]" started-at="2024-05-31T21:28:13 IST" name="tearDown" finished-at="2024-05-31T21:28:14 IST" duration-ms="773" status="PASS">
          <params>
            <param index="0">
              <value>
                <![CDATA[public void com.synergyconnect.testcases.AdminSynergyConnect.verifyAddOrganization() throws java.lang.InterruptedException]]>
              </value>
            </param>
          </params>
          <reporter-output>
          </reporter-output>
        </test-method> <!-- tearDown -->
        <test-method is-config="true" signature="setup(java.lang.reflect.Method)[pri:0, instance:com.synergyconnect.testcases.AdminSynergyConnect@59474f18]" started-at="2024-05-31T21:28:14 IST" name="setup" finished-at="2024-05-31T21:28:16 IST" duration-ms="1726" status="PASS">
          <params>
            <param index="0">
              <value>
                <![CDATA[public void com.synergyconnect.testcases.AdminSynergyConnect.verifyLoginisworking() throws java.lang.InterruptedException]]>
              </value>
            </param>
          </params>
          <reporter-output>
          </reporter-output>
        </test-method> <!-- setup -->
        <test-method signature="verifyLoginisworking()[pri:0, instance:com.synergyconnect.testcases.AdminSynergyConnect@59474f18]" started-at="2024-05-31T21:28:16 IST" name="verifyLoginisworking" finished-at="2024-05-31T21:28:36 IST" duration-ms="20053" status="PASS">
          <reporter-output>
          </reporter-output>
        </test-method> <!-- verifyLoginisworking -->
        <test-method is-config="true" signature="tearDown(java.lang.reflect.Method)[pri:0, instance:com.synergyconnect.testcases.AdminSynergyConnect@59474f18]" started-at="2024-05-31T21:28:36 IST" name="tearDown" finished-at="2024-05-31T21:28:36 IST" duration-ms="649" status="PASS">
          <params>
            <param index="0">
              <value>
                <![CDATA[public void com.synergyconnect.testcases.AdminSynergyConnect.verifyLoginisworking() throws java.lang.InterruptedException]]>
              </value>
            </param>
          </params>
          <reporter-output>
          </reporter-output>
        </test-method> <!-- tearDown -->
        <test-method is-config="true" signature="setup(java.lang.reflect.Method)[pri:0, instance:com.synergyconnect.testcases.AdminSynergyConnect@59474f18]" started-at="2024-05-31T21:28:36 IST" name="setup" finished-at="2024-05-31T21:28:38 IST" duration-ms="1702" status="PASS">
          <params>
            <param index="0">
              <value>
                <![CDATA[public void com.synergyconnect.testcases.AdminSynergyConnect.verifyAddLocation() throws java.lang.InterruptedException]]>
              </value>
            </param>
          </params>
          <reporter-output>
          </reporter-output>
        </test-method> <!-- setup -->
        <test-method signature="verifyAddLocation()[pri:1, instance:com.synergyconnect.testcases.AdminSynergyConnect@59474f18]" started-at="2024-05-31T21:28:38 IST" name="verifyAddLocation" finished-at="2024-05-31T21:29:14 IST" depends-on-methods="com.synergyconnect.testcases.AdminSynergyConnect.verifyLoginisworking" duration-ms="36251" status="FAIL">
          <exception class="org.openqa.selenium.NoSuchElementException">
            <message>
              <![CDATA[Cannot locate option with text: India
For documentation on this error, please visit: https://www.selenium.dev/documentation/webdriver/troubleshooting/errors#no-such-element-exception
Build info: version: '4.13.0', revision: 'ba948ece5b*'
System info: os.name: 'Windows 10', os.arch: 'amd64', os.version: '10.0', java.version: '20.0.1'
Driver info: driver.version: unknown]]>
            </message>
            <full-stacktrace>
              <![CDATA[org.openqa.selenium.NoSuchElementException: Cannot locate option with text: India
For documentation on this error, please visit: https://www.selenium.dev/documentation/webdriver/troubleshooting/errors#no-such-element-exception
Build info: version: '4.13.0', revision: 'ba948ece5b*'
System info: os.name: 'Windows 10', os.arch: 'amd64', os.version: '10.0', java.version: '20.0.1'
Driver info: driver.version: unknown
at org.openqa.selenium.support.ui.Select.selectByVisibleText(Select.java:153)
at com.synergyconnect.pageobject.AddLocation.clickOncountry(AddLocation.java:59)
at com.synergyconnect.testcases.AdminSynergyConnect.verifyAddLocation(AdminSynergyConnect.java:187)
at java.base/jdk.internal.reflect.DirectMethodHandleAccessor.invoke(DirectMethodHandleAccessor.java:104)
at java.base/java.lang.reflect.Method.invoke(Method.java:578)
at org.testng.internal.invokers.MethodInvocationHelper.invokeMethod(MethodInvocationHelper.java:139)
at org.testng.internal.invokers.TestInvoker.invokeMethod(TestInvoker.java:664)
at org.testng.internal.invokers.TestInvoker.invokeTestMethod(TestInvoker.java:227)
at org.testng.internal.invokers.MethodRunner.runInSequence(MethodRunner.java:50)
at org.testng.internal.invokers.TestInvoker$MethodInvocationAgent.invoke(TestInvoker.java:957)
at org.testng.internal.invokers.TestInvoker.invokeTestMethods(TestInvoker.java:200)
at org.testng.internal.invokers.TestMethodWorker.invokeTestMethods(TestMethodWorker.java:148)
at org.testng.internal.invokers.TestMethodWorker.run(TestMethodWorker.java:128)
at java.base/java.util.ArrayList.forEach(ArrayList.java:1511)
at org.testng.TestRunner.privateRun(TestRunner.java:848)
at org.testng.TestRunner.run(TestRunner.java:621)
at org.testng.SuiteRunner.runTest(SuiteRunner.java:443)
at org.testng.SuiteRunner.runSequentially(SuiteRunner.java:437)
at org.testng.SuiteRunner.privateRun(SuiteRunner.java:397)
at org.testng.SuiteRunner.run(SuiteRunner.java:336)
at org.testng.SuiteRunnerWorker.runSuite(SuiteRunnerWorker.java:52)
at org.testng.SuiteRunnerWorker.run(SuiteRunnerWorker.java:95)
at org.testng.TestNG.runSuitesSequentially(TestNG.java:1280)
at org.testng.TestNG.runSuitesLocally(TestNG.java:1200)
at org.testng.TestNG.runSuites(TestNG.java:1114)
at org.testng.TestNG.run(TestNG.java:1082)
at org.testng.remote.AbstractRemoteTestNG.run(AbstractRemoteTestNG.java:115)
at org.testng.remote.RemoteTestNG.initAndRun(RemoteTestNG.java:251)
at org.testng.remote.RemoteTestNG.main(RemoteTestNG.java:77)
]]>
            </full-stacktrace>
          </exception> <!-- org.openqa.selenium.NoSuchElementException -->
          <reporter-output>
          </reporter-output>
        </test-method> <!-- verifyAddLocation -->
        <test-method is-config="true" signature="tearDown(java.lang.reflect.Method)[pri:0, instance:com.synergyconnect.testcases.AdminSynergyConnect@59474f18]" started-at="2024-05-31T21:29:14 IST" name="tearDown" finished-at="2024-05-31T21:29:15 IST" duration-ms="607" status="PASS">
          <params>
            <param index="0">
              <value>
                <![CDATA[public void com.synergyconnect.testcases.AdminSynergyConnect.verifyAddLocation() throws java.lang.InterruptedException]]>
              </value>
            </param>
          </params>
          <reporter-output>
          </reporter-output>
        </test-method> <!-- tearDown -->
      </class> <!-- com.synergyconnect.testcases.AdminSynergyConnect -->
    </test> <!-- Test -->
  </suite> <!-- Suite -->
</testng-results>
