<?xml version="1.0" encoding="UTF-8"?>
<testng-results ignored="0" total="3" passed="3" failed="0" skipped="0">
  <reporter-output>
  </reporter-output>
  <suite started-at="2024-06-03T22:09:51 IST" name="Suite" finished-at="2024-06-03T22:12:00 IST" duration-ms="129094">
    <groups>
    </groups>
    <test started-at="2024-06-03T22:09:51 IST" name="Test" finished-at="2024-06-03T22:12:00 IST" duration-ms="129094">
      <class name="com.synergyconnect.testcases.addOrganization">
        <test-method is-config="true" signature="setupSuite(java.lang.String,java.lang.String)[pri:0, instance:com.synergyconnect.testcases.addOrganization@2d1ef81a]" started-at="2024-06-03T22:09:48 IST" name="setupSuite" finished-at="2024-06-03T22:09:51 IST" duration-ms="3137" status="PASS">
          <params>
            <param index="0">
              <value>
                <![CDATA[https://test30.synergyapps.in]]>
              </value>
            </param>
            <param index="1">
              <value>
                <![CDATA[chrome]]>
              </value>
            </param>
          </params>
          <reporter-output>
          </reporter-output>
        </test-method> <!-- setupSuite -->
        <test-method is-config="true" signature="setup(java.lang.reflect.Method)[pri:0, instance:com.synergyconnect.testcases.addOrganization@2d1ef81a]" started-at="2024-06-03T22:09:52 IST" name="setup" finished-at="2024-06-03T22:09:53 IST" duration-ms="1499" status="PASS">
          <params>
            <param index="0">
              <value>
                <![CDATA[public void com.synergyconnect.testcases.addOrganization.verifyAddOrganization() throws java.lang.InterruptedException]]>
              </value>
            </param>
          </params>
          <reporter-output>
          </reporter-output>
        </test-method> <!-- setup -->
        <test-method signature="verifyAddOrganization()[pri:0, instance:com.synergyconnect.testcases.addOrganization@2d1ef81a]" started-at="2024-06-03T22:09:53 IST" name="verifyAddOrganization" finished-at="2024-06-03T22:10:44 IST" duration-ms="50909" status="PASS">
          <reporter-output>
          </reporter-output>
        </test-method> <!-- verifyAddOrganization -->
        <test-method is-config="true" signature="tearDown(java.lang.reflect.Method)[pri:0, instance:com.synergyconnect.testcases.addOrganization@2d1ef81a]" started-at="2024-06-03T22:10:44 IST" name="tearDown" finished-at="2024-06-03T22:10:44 IST" duration-ms="211" status="PASS">
          <params>
            <param index="0">
              <value>
                <![CDATA[public void com.synergyconnect.testcases.addOrganization.verifyAddOrganization() throws java.lang.InterruptedException]]>
              </value>
            </param>
          </params>
          <reporter-output>
          </reporter-output>
        </test-method> <!-- tearDown -->
        <test-method is-config="true" signature="setup(java.lang.reflect.Method)[pri:0, instance:com.synergyconnect.testcases.addOrganization@2d1ef81a]" started-at="2024-06-03T22:10:44 IST" name="setup" finished-at="2024-06-03T22:10:45 IST" duration-ms="1037" status="PASS">
          <params>
            <param index="0">
              <value>
                <![CDATA[public void com.synergyconnect.testcases.addOrganization.verifyLoginisworking() throws java.lang.InterruptedException]]>
              </value>
            </param>
          </params>
          <reporter-output>
          </reporter-output>
        </test-method> <!-- setup -->
        <test-method signature="verifyLoginisworking()[pri:0, instance:com.synergyconnect.testcases.addOrganization@2d1ef81a]" started-at="2024-06-03T22:10:45 IST" name="verifyLoginisworking" finished-at="2024-06-03T22:11:05 IST" duration-ms="20088" status="PASS">
          <reporter-output>
          </reporter-output>
        </test-method> <!-- verifyLoginisworking -->
        <test-method is-config="true" signature="tearDown(java.lang.reflect.Method)[pri:0, instance:com.synergyconnect.testcases.addOrganization@2d1ef81a]" started-at="2024-06-03T22:11:05 IST" name="tearDown" finished-at="2024-06-03T22:11:06 IST" duration-ms="246" status="PASS">
          <params>
            <param index="0">
              <value>
                <![CDATA[public void com.synergyconnect.testcases.addOrganization.verifyLoginisworking() throws java.lang.InterruptedException]]>
              </value>
            </param>
          </params>
          <reporter-output>
          </reporter-output>
        </test-method> <!-- tearDown -->
        <test-method is-config="true" signature="setup(java.lang.reflect.Method)[pri:0, instance:com.synergyconnect.testcases.addOrganization@2d1ef81a]" started-at="2024-06-03T22:11:06 IST" name="setup" finished-at="2024-06-03T22:11:07 IST" duration-ms="999" status="PASS">
          <params>
            <param index="0">
              <value>
                <![CDATA[public void com.synergyconnect.testcases.addOrganization.verifyAddLocation() throws java.lang.InterruptedException]]>
              </value>
            </param>
          </params>
          <reporter-output>
          </reporter-output>
        </test-method> <!-- setup -->
        <test-method signature="verifyAddLocation()[pri:1, instance:com.synergyconnect.testcases.addOrganization@2d1ef81a]" started-at="2024-06-03T22:11:07 IST" name="verifyAddLocation" finished-at="2024-06-03T22:12:00 IST" depends-on-methods="com.synergyconnect.testcases.addOrganization.verifyLoginisworking" duration-ms="53659" status="PASS">
          <reporter-output>
          </reporter-output>
        </test-method> <!-- verifyAddLocation -->
        <test-method is-config="true" signature="tearDown(java.lang.reflect.Method)[pri:0, instance:com.synergyconnect.testcases.addOrganization@2d1ef81a]" started-at="2024-06-03T22:12:00 IST" name="tearDown" finished-at="2024-06-03T22:12:00 IST" duration-ms="222" status="PASS">
          <params>
            <param index="0">
              <value>
                <![CDATA[public void com.synergyconnect.testcases.addOrganization.verifyAddLocation() throws java.lang.InterruptedException]]>
              </value>
            </param>
          </params>
          <reporter-output>
          </reporter-output>
        </test-method> <!-- tearDown -->
      </class> <!-- com.synergyconnect.testcases.addOrganization -->
    </test> <!-- Test -->
  </suite> <!-- Suite -->
</testng-results>
