<?xml version="1.0" encoding="UTF-8"?>
<!-- Generated by org.testng.reporters.JUnitXMLReporter -->
<testsuite ignored="0" hostname="DESKTOP-NPK78J2" failures="0" tests="3" name="Test" time="26.94" errors="0" timestamp="2024-06-01T14:02:45 IST">
  <testcase classname="com.synergyconnect.testcases.addOrganization" name="verifyAddOrganization" time="10.894">
    <skipped/>
  </testcase> <!-- verifyAddOrganization -->
  <testcase classname="com.synergyconnect.testcases.addOrganization" name="verifyAddOrganization" time="3.084">
    <skipped/>
  </testcase> <!-- verifyAddOrganization -->
  <testcase classname="com.synergyconnect.testcases.addOrganization" name="verifyAddOrganization" time="1.249">
    <skipped/>
  </testcase> <!-- verifyAddOrganization -->
</testsuite> <!-- Test -->
