<?xml version="1.0" encoding="UTF-8"?>
<!-- Generated by org.testng.reporters.JUnitXMLReporter -->
<testsuite ignored="0" hostname="DESKTOP-NPK78J2" failures="1" tests="3" name="Test" time="123.165" errors="0" timestamp="2024-05-31T21:29:16 IST">
  <testcase classname="com.synergyconnect.testcases.AdminSynergyConnect" name="verifyAddOrganization" time="52.087"/>
  <testcase classname="com.synergyconnect.testcases.AdminSynergyConnect" name="verifyLoginisworking" time="20.053"/>
  <testcase classname="com.synergyconnect.testcases.AdminSynergyConnect" name="verifyAddLocation" time="36.251">
    <failure type="org.openqa.selenium.NoSuchElementException" message="Cannot locate option with text: India
For documentation on this error, please visit: https://www.selenium.dev/documentation/webdriver/troubleshooting/errors#no-such-element-exception
Build info: version: &amp;apos;4.13.0&amp;apos;, revision: &amp;apos;ba948ece5b*&amp;apos;
System info: os.name: &amp;apos;Windows 10&amp;apos;, os.arch: &amp;apos;amd64&amp;apos;, os.version: &amp;apos;10.0&amp;apos;, java.version: &amp;apos;20.0.1&amp;apos;
Driver info: driver.version: unknown">
      <![CDATA[org.openqa.selenium.NoSuchElementException: Cannot locate option with text: India
For documentation on this error, please visit: https://www.selenium.dev/documentation/webdriver/troubleshooting/errors#no-such-element-exception
Build info: version: '4.13.0', revision: 'ba948ece5b*'
System info: os.name: 'Windows 10', os.arch: 'amd64', os.version: '10.0', java.version: '20.0.1'
Driver info: driver.version: unknown
at org.openqa.selenium.support.ui.Select.selectByVisibleText(Select.java:153)
at com.synergyconnect.pageobject.AddLocation.clickOncountry(AddLocation.java:59)
at com.synergyconnect.testcases.AdminSynergyConnect.verifyAddLocation(AdminSynergyConnect.java:187)
at java.base/java.util.ArrayList.forEach(ArrayList.java:1511)
... Removed 25 stack frames]]>
    </failure>
  </testcase> <!-- verifyAddLocation -->
</testsuite> <!-- Test -->
