<?xml version="1.0" encoding="UTF-8"?>
<testng-results ignored="0" total="3" passed="2" failed="1" skipped="0">
  <reporter-output>
  </reporter-output>
  <suite started-at="2024-05-30T22:15:49 IST" name="Suite" finished-at="2024-05-30T22:18:02 IST" duration-ms="133041">
    <groups>
    </groups>
    <test started-at="2024-05-30T22:15:49 IST" name="Test" finished-at="2024-05-30T22:18:02 IST" duration-ms="133041">
      <class name="com.synergyconnect.testcases.AdminSynergyConnect">
        <test-method is-config="true" signature="setup(java.lang.reflect.Method)[pri:0, instance:com.synergyconnect.testcases.AdminSynergyConnect@34f22f9d]" started-at="2024-05-30T22:15:50 IST" name="setup" finished-at="2024-05-30T22:15:52 IST" duration-ms="2013" status="PASS">
          <params>
            <param index="0">
              <value>
                <![CDATA[public void com.synergyconnect.testcases.AdminSynergyConnect.verifyAddOrganization() throws java.lang.InterruptedException]]>
              </value>
            </param>
          </params>
          <reporter-output>
          </reporter-output>
        </test-method> <!-- setup -->
        <test-method signature="verifyAddOrganization()[pri:0, instance:com.synergyconnect.testcases.AdminSynergyConnect@34f22f9d]" started-at="2024-05-30T22:15:52 IST" name="verifyAddOrganization" finished-at="2024-05-30T22:16:44 IST" duration-ms="52561" status="FAIL">
          <exception class="java.lang.AssertionError">
            <message>
              <![CDATA[expected [ABD00081234] but found []]]>
            </message>
            <full-stacktrace>
              <![CDATA[java.lang.AssertionError: expected [ABD00081234] but found []
at org.testng.Assert.fail(Assert.java:111)
at org.testng.Assert.failNotEquals(Assert.java:1578)
at org.testng.Assert.assertEqualsImpl(Assert.java:150)
at org.testng.Assert.assertEquals(Assert.java:132)
at org.testng.Assert.assertEquals(Assert.java:656)
at org.testng.Assert.assertEquals(Assert.java:666)
at com.synergyconnect.testcases.AdminSynergyConnect.verifyAddOrganization(AdminSynergyConnect.java:142)
at java.base/jdk.internal.reflect.DirectMethodHandleAccessor.invoke(DirectMethodHandleAccessor.java:104)
at java.base/java.lang.reflect.Method.invoke(Method.java:578)
at org.testng.internal.invokers.MethodInvocationHelper.invokeMethod(MethodInvocationHelper.java:139)
at org.testng.internal.invokers.TestInvoker.invokeMethod(TestInvoker.java:664)
at org.testng.internal.invokers.TestInvoker.invokeTestMethod(TestInvoker.java:227)
at org.testng.internal.invokers.MethodRunner.runInSequence(MethodRunner.java:50)
at org.testng.internal.invokers.TestInvoker$MethodInvocationAgent.invoke(TestInvoker.java:957)
at org.testng.internal.invokers.TestInvoker.invokeTestMethods(TestInvoker.java:200)
at org.testng.internal.invokers.TestMethodWorker.invokeTestMethods(TestMethodWorker.java:148)
at org.testng.internal.invokers.TestMethodWorker.run(TestMethodWorker.java:128)
at java.base/java.util.ArrayList.forEach(ArrayList.java:1511)
at org.testng.TestRunner.privateRun(TestRunner.java:848)
at org.testng.TestRunner.run(TestRunner.java:621)
at org.testng.SuiteRunner.runTest(SuiteRunner.java:443)
at org.testng.SuiteRunner.runSequentially(SuiteRunner.java:437)
at org.testng.SuiteRunner.privateRun(SuiteRunner.java:397)
at org.testng.SuiteRunner.run(SuiteRunner.java:336)
at org.testng.SuiteRunnerWorker.runSuite(SuiteRunnerWorker.java:52)
at org.testng.SuiteRunnerWorker.run(SuiteRunnerWorker.java:95)
at org.testng.TestNG.runSuitesSequentially(TestNG.java:1280)
at org.testng.TestNG.runSuitesLocally(TestNG.java:1200)
at org.testng.TestNG.runSuites(TestNG.java:1114)
at org.testng.TestNG.run(TestNG.java:1082)
at org.testng.remote.AbstractRemoteTestNG.run(AbstractRemoteTestNG.java:115)
at org.testng.remote.RemoteTestNG.initAndRun(RemoteTestNG.java:251)
at org.testng.remote.RemoteTestNG.main(RemoteTestNG.java:77)
]]>
            </full-stacktrace>
          </exception> <!-- java.lang.AssertionError -->
          <reporter-output>
          </reporter-output>
        </test-method> <!-- verifyAddOrganization -->
        <test-method is-config="true" signature="tearDown(java.lang.reflect.Method)[pri:0, instance:com.synergyconnect.testcases.AdminSynergyConnect@34f22f9d]" started-at="2024-05-30T22:16:44 IST" name="tearDown" finished-at="2024-05-30T22:16:45 IST" duration-ms="242" status="PASS">
          <params>
            <param index="0">
              <value>
                <![CDATA[public void com.synergyconnect.testcases.AdminSynergyConnect.verifyAddOrganization() throws java.lang.InterruptedException]]>
              </value>
            </param>
          </params>
          <reporter-output>
          </reporter-output>
        </test-method> <!-- tearDown -->
        <test-method is-config="true" signature="setup(java.lang.reflect.Method)[pri:0, instance:com.synergyconnect.testcases.AdminSynergyConnect@34f22f9d]" started-at="2024-05-30T22:16:45 IST" name="setup" finished-at="2024-05-30T22:16:47 IST" duration-ms="1933" status="PASS">
          <params>
            <param index="0">
              <value>
                <![CDATA[public void com.synergyconnect.testcases.AdminSynergyConnect.verifyLoginisworking() throws java.lang.InterruptedException]]>
              </value>
            </param>
          </params>
          <reporter-output>
          </reporter-output>
        </test-method> <!-- setup -->
        <test-method signature="verifyLoginisworking()[pri:0, instance:com.synergyconnect.testcases.AdminSynergyConnect@34f22f9d]" started-at="2024-05-30T22:16:47 IST" name="verifyLoginisworking" finished-at="2024-05-30T22:17:10 IST" duration-ms="23562" status="PASS">
          <reporter-output>
          </reporter-output>
        </test-method> <!-- verifyLoginisworking -->
        <test-method is-config="true" signature="tearDown(java.lang.reflect.Method)[pri:0, instance:com.synergyconnect.testcases.AdminSynergyConnect@34f22f9d]" started-at="2024-05-30T22:17:10 IST" name="tearDown" finished-at="2024-05-30T22:17:10 IST" duration-ms="328" status="PASS">
          <params>
            <param index="0">
              <value>
                <![CDATA[public void com.synergyconnect.testcases.AdminSynergyConnect.verifyLoginisworking() throws java.lang.InterruptedException]]>
              </value>
            </param>
          </params>
          <reporter-output>
          </reporter-output>
        </test-method> <!-- tearDown -->
        <test-method is-config="true" signature="setup(java.lang.reflect.Method)[pri:0, instance:com.synergyconnect.testcases.AdminSynergyConnect@34f22f9d]" started-at="2024-05-30T22:17:10 IST" name="setup" finished-at="2024-05-30T22:17:12 IST" duration-ms="1458" status="PASS">
          <params>
            <param index="0">
              <value>
                <![CDATA[public void com.synergyconnect.testcases.AdminSynergyConnect.verifyAddLocation() throws java.lang.InterruptedException]]>
              </value>
            </param>
          </params>
          <reporter-output>
          </reporter-output>
        </test-method> <!-- setup -->
        <test-method signature="verifyAddLocation()[pri:1, instance:com.synergyconnect.testcases.AdminSynergyConnect@34f22f9d]" started-at="2024-05-30T22:17:12 IST" name="verifyAddLocation" finished-at="2024-05-30T22:18:02 IST" depends-on-methods="com.synergyconnect.testcases.AdminSynergyConnect.verifyLoginisworking" duration-ms="49724" status="PASS">
          <reporter-output>
          </reporter-output>
        </test-method> <!-- verifyAddLocation -->
        <test-method is-config="true" signature="tearDown(java.lang.reflect.Method)[pri:0, instance:com.synergyconnect.testcases.AdminSynergyConnect@34f22f9d]" started-at="2024-05-30T22:18:02 IST" name="tearDown" finished-at="2024-05-30T22:18:02 IST" duration-ms="680" status="PASS">
          <params>
            <param index="0">
              <value>
                <![CDATA[public void com.synergyconnect.testcases.AdminSynergyConnect.verifyAddLocation() throws java.lang.InterruptedException]]>
              </value>
            </param>
          </params>
          <reporter-output>
          </reporter-output>
        </test-method> <!-- tearDown -->
      </class> <!-- com.synergyconnect.testcases.AdminSynergyConnect -->
    </test> <!-- Test -->
  </suite> <!-- Suite -->
</testng-results>
